Added Component: Designator=J1(DB15-PCB)
Add component. Clean all parameters for all variants
Add component (AddParameter): Name = "DatasheetDocument"; Value = "24-Nov-1999"; VariantName = "[No Variations]"
Add component (AddParameter): Name = "Gender"; Value = "Receptacle Header"; VariantName = "[No Variations]"
Add component (AddParameter): Name = "LatestRevisionDate"; Value = "17-Jul-2002"; VariantName = "[No Variations]"
Add component (AddParameter): Name = "LatestRevisionNote"; Value = "Re-released for DXP Platform."; VariantName = "[No Variations]"
Add component (AddParameter): Name = "Orientation"; Value = "Right Angle"; VariantName = "[No Variations]"
Add component (AddParameter): Name = "PackageDocument"; Value = "B"; VariantName = "[No Variations]"
Add component (AddParameter): Name = "PackageReference"; Value = "788574"; VariantName = "[No Variations]"
Add component (AddParameter): Name = "Positions"; Value = "15"; VariantName = "[No Variations]"
Add component (AddParameter): Name = "Published"; Value = "15-Jun-2001"; VariantName = "[No Variations]"
Add component (AddParameter): Name = "Publisher"; Value = "Altium Limited"; VariantName = "[No Variations]"
Added Component: Designator=J2(DB15-PCB)
Add component. Clean all parameters for all variants
Add component (AddParameter): Name = "DatasheetDocument"; Value = "24-Nov-1999"; VariantName = "[No Variations]"
Add component (AddParameter): Name = "Gender"; Value = "Receptacle Header"; VariantName = "[No Variations]"
Add component (AddParameter): Name = "LatestRevisionDate"; Value = "17-Jul-2002"; VariantName = "[No Variations]"
Add component (AddParameter): Name = "LatestRevisionNote"; Value = "Re-released for DXP Platform."; VariantName = "[No Variations]"
Add component (AddParameter): Name = "Orientation"; Value = "Right Angle"; VariantName = "[No Variations]"
Add component (AddParameter): Name = "PackageDocument"; Value = "B"; VariantName = "[No Variations]"
Add component (AddParameter): Name = "PackageReference"; Value = "788574"; VariantName = "[No Variations]"
Add component (AddParameter): Name = "Positions"; Value = "15"; VariantName = "[No Variations]"
Add component (AddParameter): Name = "Published"; Value = "15-Jun-2001"; VariantName = "[No Variations]"
Add component (AddParameter): Name = "Publisher"; Value = "Altium Limited"; VariantName = "[No Variations]"
Added Component: Designator=J3(DB15-PCB)
Add component. Clean all parameters for all variants
Add component (AddParameter): Name = "DatasheetDocument"; Value = "24-Nov-1999"; VariantName = "[No Variations]"
Add component (AddParameter): Name = "Gender"; Value = "Receptacle Header"; VariantName = "[No Variations]"
Add component (AddParameter): Name = "LatestRevisionDate"; Value = "17-Jul-2002"; VariantName = "[No Variations]"
Add component (AddParameter): Name = "LatestRevisionNote"; Value = "Re-released for DXP Platform."; VariantName = "[No Variations]"
Add component (AddParameter): Name = "Orientation"; Value = "Right Angle"; VariantName = "[No Variations]"
Add component (AddParameter): Name = "PackageDocument"; Value = "B"; VariantName = "[No Variations]"
Add component (AddParameter): Name = "PackageReference"; Value = "788574"; VariantName = "[No Variations]"
Add component (AddParameter): Name = "Positions"; Value = "15"; VariantName = "[No Variations]"
Add component (AddParameter): Name = "Published"; Value = "15-Jun-2001"; VariantName = "[No Variations]"
Add component (AddParameter): Name = "Publisher"; Value = "Altium Limited"; VariantName = "[No Variations]"
Added Component: Designator=J4(DB15-PCB)
Add component. Clean all parameters for all variants
Add component (AddParameter): Name = "DatasheetDocument"; Value = "24-Nov-1999"; VariantName = "[No Variations]"
Add component (AddParameter): Name = "Gender"; Value = "Receptacle Header"; VariantName = "[No Variations]"
Add component (AddParameter): Name = "LatestRevisionDate"; Value = "17-Jul-2002"; VariantName = "[No Variations]"
Add component (AddParameter): Name = "LatestRevisionNote"; Value = "Re-released for DXP Platform."; VariantName = "[No Variations]"
Add component (AddParameter): Name = "Orientation"; Value = "Right Angle"; VariantName = "[No Variations]"
Add component (AddParameter): Name = "PackageDocument"; Value = "B"; VariantName = "[No Variations]"
Add component (AddParameter): Name = "PackageReference"; Value = "788574"; VariantName = "[No Variations]"
Add component (AddParameter): Name = "Positions"; Value = "15"; VariantName = "[No Variations]"
Add component (AddParameter): Name = "Published"; Value = "15-Jun-2001"; VariantName = "[No Variations]"
Add component (AddParameter): Name = "Publisher"; Value = "Altium Limited"; VariantName = "[No Variations]"
Added Component: Designator=J5(DB15-PCB)
Add component. Clean all parameters for all variants
Add component (AddParameter): Name = "DatasheetDocument"; Value = "24-Nov-1999"; VariantName = "[No Variations]"
Add component (AddParameter): Name = "Gender"; Value = "Receptacle Header"; VariantName = "[No Variations]"
Add component (AddParameter): Name = "LatestRevisionDate"; Value = "17-Jul-2002"; VariantName = "[No Variations]"
Add component (AddParameter): Name = "LatestRevisionNote"; Value = "Re-released for DXP Platform."; VariantName = "[No Variations]"
Add component (AddParameter): Name = "Orientation"; Value = "Right Angle"; VariantName = "[No Variations]"
Add component (AddParameter): Name = "PackageDocument"; Value = "B"; VariantName = "[No Variations]"
Add component (AddParameter): Name = "PackageReference"; Value = "788574"; VariantName = "[No Variations]"
Add component (AddParameter): Name = "Positions"; Value = "15"; VariantName = "[No Variations]"
Add component (AddParameter): Name = "Published"; Value = "15-Jun-2001"; VariantName = "[No Variations]"
Add component (AddParameter): Name = "Publisher"; Value = "Altium Limited"; VariantName = "[No Variations]"
Added Component: Designator=J6(DB15-PCB)
Add component. Clean all parameters for all variants
Add component (AddParameter): Name = "DatasheetDocument"; Value = "24-Nov-1999"; VariantName = "[No Variations]"
Add component (AddParameter): Name = "Gender"; Value = "Receptacle Header"; VariantName = "[No Variations]"
Add component (AddParameter): Name = "LatestRevisionDate"; Value = "17-Jul-2002"; VariantName = "[No Variations]"
Add component (AddParameter): Name = "LatestRevisionNote"; Value = "Re-released for DXP Platform."; VariantName = "[No Variations]"
Add component (AddParameter): Name = "Orientation"; Value = "Right Angle"; VariantName = "[No Variations]"
Add component (AddParameter): Name = "PackageDocument"; Value = "B"; VariantName = "[No Variations]"
Add component (AddParameter): Name = "PackageReference"; Value = "788574"; VariantName = "[No Variations]"
Add component (AddParameter): Name = "Positions"; Value = "15"; VariantName = "[No Variations]"
Add component (AddParameter): Name = "Published"; Value = "15-Jun-2001"; VariantName = "[No Variations]"
Add component (AddParameter): Name = "Publisher"; Value = "Altium Limited"; VariantName = "[No Variations]"
Added Component: Designator=J7(DB15-PCB)
Add component. Clean all parameters for all variants
Add component (AddParameter): Name = "DatasheetDocument"; Value = "24-Nov-1999"; VariantName = "[No Variations]"
Add component (AddParameter): Name = "Gender"; Value = "Receptacle Header"; VariantName = "[No Variations]"
Add component (AddParameter): Name = "LatestRevisionDate"; Value = "17-Jul-2002"; VariantName = "[No Variations]"
Add component (AddParameter): Name = "LatestRevisionNote"; Value = "Re-released for DXP Platform."; VariantName = "[No Variations]"
Add component (AddParameter): Name = "Orientation"; Value = "Right Angle"; VariantName = "[No Variations]"
Add component (AddParameter): Name = "PackageDocument"; Value = "B"; VariantName = "[No Variations]"
Add component (AddParameter): Name = "PackageReference"; Value = "788574"; VariantName = "[No Variations]"
Add component (AddParameter): Name = "Positions"; Value = "15"; VariantName = "[No Variations]"
Add component (AddParameter): Name = "Published"; Value = "15-Jun-2001"; VariantName = "[No Variations]"
Add component (AddParameter): Name = "Publisher"; Value = "Altium Limited"; VariantName = "[No Variations]"
Added Component: Designator=J8(DB15-PCB)
Add component. Clean all parameters for all variants
Add component (AddParameter): Name = "DatasheetDocument"; Value = "24-Nov-1999"; VariantName = "[No Variations]"
Add component (AddParameter): Name = "Gender"; Value = "Receptacle Header"; VariantName = "[No Variations]"
Add component (AddParameter): Name = "LatestRevisionDate"; Value = "17-Jul-2002"; VariantName = "[No Variations]"
Add component (AddParameter): Name = "LatestRevisionNote"; Value = "Re-released for DXP Platform."; VariantName = "[No Variations]"
Add component (AddParameter): Name = "Orientation"; Value = "Right Angle"; VariantName = "[No Variations]"
Add component (AddParameter): Name = "PackageDocument"; Value = "B"; VariantName = "[No Variations]"
Add component (AddParameter): Name = "PackageReference"; Value = "788574"; VariantName = "[No Variations]"
Add component (AddParameter): Name = "Positions"; Value = "15"; VariantName = "[No Variations]"
Add component (AddParameter): Name = "Published"; Value = "15-Jun-2001"; VariantName = "[No Variations]"
Add component (AddParameter): Name = "Publisher"; Value = "Altium Limited"; VariantName = "[No Variations]"
Added Component: Designator=J9(DB15-PCB)
Add component. Clean all parameters for all variants
Add component (AddParameter): Name = "DatasheetDocument"; Value = "24-Nov-1999"; VariantName = "[No Variations]"
Add component (AddParameter): Name = "Gender"; Value = "Receptacle Header"; VariantName = "[No Variations]"
Add component (AddParameter): Name = "LatestRevisionDate"; Value = "17-Jul-2002"; VariantName = "[No Variations]"
Add component (AddParameter): Name = "LatestRevisionNote"; Value = "Re-released for DXP Platform."; VariantName = "[No Variations]"
Add component (AddParameter): Name = "Orientation"; Value = "Right Angle"; VariantName = "[No Variations]"
Add component (AddParameter): Name = "PackageDocument"; Value = "B"; VariantName = "[No Variations]"
Add component (AddParameter): Name = "PackageReference"; Value = "788574"; VariantName = "[No Variations]"
Add component (AddParameter): Name = "Positions"; Value = "15"; VariantName = "[No Variations]"
Add component (AddParameter): Name = "Published"; Value = "15-Jun-2001"; VariantName = "[No Variations]"
Add component (AddParameter): Name = "Publisher"; Value = "Altium Limited"; VariantName = "[No Variations]"
Added Component: Designator=J10(DB15-PCB)
Add component. Clean all parameters for all variants
Add component (AddParameter): Name = "DatasheetDocument"; Value = "24-Nov-1999"; VariantName = "[No Variations]"
Add component (AddParameter): Name = "Gender"; Value = "Receptacle Header"; VariantName = "[No Variations]"
Add component (AddParameter): Name = "LatestRevisionDate"; Value = "17-Jul-2002"; VariantName = "[No Variations]"
Add component (AddParameter): Name = "LatestRevisionNote"; Value = "Re-released for DXP Platform."; VariantName = "[No Variations]"
Add component (AddParameter): Name = "Orientation"; Value = "Right Angle"; VariantName = "[No Variations]"
Add component (AddParameter): Name = "PackageDocument"; Value = "B"; VariantName = "[No Variations]"
Add component (AddParameter): Name = "PackageReference"; Value = "788574"; VariantName = "[No Variations]"
Add component (AddParameter): Name = "Positions"; Value = "15"; VariantName = "[No Variations]"
Add component (AddParameter): Name = "Published"; Value = "15-Jun-2001"; VariantName = "[No Variations]"
Add component (AddParameter): Name = "Publisher"; Value = "Altium Limited"; VariantName = "[No Variations]"
Added Component: Designator=J11(DB15-PCB)
Add component. Clean all parameters for all variants
Add component (AddParameter): Name = "DatasheetDocument"; Value = "24-Nov-1999"; VariantName = "[No Variations]"
Add component (AddParameter): Name = "Gender"; Value = "Receptacle Header"; VariantName = "[No Variations]"
Add component (AddParameter): Name = "LatestRevisionDate"; Value = "17-Jul-2002"; VariantName = "[No Variations]"
Add component (AddParameter): Name = "LatestRevisionNote"; Value = "Re-released for DXP Platform."; VariantName = "[No Variations]"
Add component (AddParameter): Name = "Orientation"; Value = "Right Angle"; VariantName = "[No Variations]"
Add component (AddParameter): Name = "PackageDocument"; Value = "B"; VariantName = "[No Variations]"
Add component (AddParameter): Name = "PackageReference"; Value = "788574"; VariantName = "[No Variations]"
Add component (AddParameter): Name = "Positions"; Value = "15"; VariantName = "[No Variations]"
Add component (AddParameter): Name = "Published"; Value = "15-Jun-2001"; VariantName = "[No Variations]"
Add component (AddParameter): Name = "Publisher"; Value = "Altium Limited"; VariantName = "[No Variations]"
Added Component: Designator=J12(DB15-PCB)
Add component. Clean all parameters for all variants
Add component (AddParameter): Name = "DatasheetDocument"; Value = "24-Nov-1999"; VariantName = "[No Variations]"
Add component (AddParameter): Name = "Gender"; Value = "Receptacle Header"; VariantName = "[No Variations]"
Add component (AddParameter): Name = "LatestRevisionDate"; Value = "17-Jul-2002"; VariantName = "[No Variations]"
Add component (AddParameter): Name = "LatestRevisionNote"; Value = "Re-released for DXP Platform."; VariantName = "[No Variations]"
Add component (AddParameter): Name = "Orientation"; Value = "Right Angle"; VariantName = "[No Variations]"
Add component (AddParameter): Name = "PackageDocument"; Value = "B"; VariantName = "[No Variations]"
Add component (AddParameter): Name = "PackageReference"; Value = "788574"; VariantName = "[No Variations]"
Add component (AddParameter): Name = "Positions"; Value = "15"; VariantName = "[No Variations]"
Add component (AddParameter): Name = "Published"; Value = "15-Jun-2001"; VariantName = "[No Variations]"
Add component (AddParameter): Name = "Publisher"; Value = "Altium Limited"; VariantName = "[No Variations]"
Added Component: Designator=J13(DB15-PCB)
Add component. Clean all parameters for all variants
Add component (AddParameter): Name = "DatasheetDocument"; Value = "24-Nov-1999"; VariantName = "[No Variations]"
Add component (AddParameter): Name = "Gender"; Value = "Receptacle Header"; VariantName = "[No Variations]"
Add component (AddParameter): Name = "LatestRevisionDate"; Value = "17-Jul-2002"; VariantName = "[No Variations]"
Add component (AddParameter): Name = "LatestRevisionNote"; Value = "Re-released for DXP Platform."; VariantName = "[No Variations]"
Add component (AddParameter): Name = "Orientation"; Value = "Right Angle"; VariantName = "[No Variations]"
Add component (AddParameter): Name = "PackageDocument"; Value = "B"; VariantName = "[No Variations]"
Add component (AddParameter): Name = "PackageReference"; Value = "788574"; VariantName = "[No Variations]"
Add component (AddParameter): Name = "Positions"; Value = "15"; VariantName = "[No Variations]"
Add component (AddParameter): Name = "Published"; Value = "15-Jun-2001"; VariantName = "[No Variations]"
Add component (AddParameter): Name = "Publisher"; Value = "Altium Limited"; VariantName = "[No Variations]"
Added Component: Designator=J14(DB15-PCB)
Add component. Clean all parameters for all variants
Add component (AddParameter): Name = "DatasheetDocument"; Value = "24-Nov-1999"; VariantName = "[No Variations]"
Add component (AddParameter): Name = "Gender"; Value = "Receptacle Header"; VariantName = "[No Variations]"
Add component (AddParameter): Name = "LatestRevisionDate"; Value = "17-Jul-2002"; VariantName = "[No Variations]"
Add component (AddParameter): Name = "LatestRevisionNote"; Value = "Re-released for DXP Platform."; VariantName = "[No Variations]"
Add component (AddParameter): Name = "Orientation"; Value = "Right Angle"; VariantName = "[No Variations]"
Add component (AddParameter): Name = "PackageDocument"; Value = "B"; VariantName = "[No Variations]"
Add component (AddParameter): Name = "PackageReference"; Value = "788574"; VariantName = "[No Variations]"
Add component (AddParameter): Name = "Positions"; Value = "15"; VariantName = "[No Variations]"
Add component (AddParameter): Name = "Published"; Value = "15-Jun-2001"; VariantName = "[No Variations]"
Add component (AddParameter): Name = "Publisher"; Value = "Altium Limited"; VariantName = "[No Variations]"
Added Component: Designator=J15(DB15-PCB)
Add component. Clean all parameters for all variants
Add component (AddParameter): Name = "DatasheetDocument"; Value = "24-Nov-1999"; VariantName = "[No Variations]"
Add component (AddParameter): Name = "Gender"; Value = "Receptacle Header"; VariantName = "[No Variations]"
Add component (AddParameter): Name = "LatestRevisionDate"; Value = "17-Jul-2002"; VariantName = "[No Variations]"
Add component (AddParameter): Name = "LatestRevisionNote"; Value = "Re-released for DXP Platform."; VariantName = "[No Variations]"
Add component (AddParameter): Name = "Orientation"; Value = "Right Angle"; VariantName = "[No Variations]"
Add component (AddParameter): Name = "PackageDocument"; Value = "B"; VariantName = "[No Variations]"
Add component (AddParameter): Name = "PackageReference"; Value = "788574"; VariantName = "[No Variations]"
Add component (AddParameter): Name = "Positions"; Value = "15"; VariantName = "[No Variations]"
Add component (AddParameter): Name = "Published"; Value = "15-Jun-2001"; VariantName = "[No Variations]"
Add component (AddParameter): Name = "Publisher"; Value = "Altium Limited"; VariantName = "[No Variations]"
Added Component: Designator=J16(DB15-PCB)
Add component. Clean all parameters for all variants
Add component (AddParameter): Name = "DatasheetDocument"; Value = "24-Nov-1999"; VariantName = "[No Variations]"
Add component (AddParameter): Name = "Gender"; Value = "Receptacle Header"; VariantName = "[No Variations]"
Add component (AddParameter): Name = "LatestRevisionDate"; Value = "17-Jul-2002"; VariantName = "[No Variations]"
Add component (AddParameter): Name = "LatestRevisionNote"; Value = "Re-released for DXP Platform."; VariantName = "[No Variations]"
Add component (AddParameter): Name = "Orientation"; Value = "Right Angle"; VariantName = "[No Variations]"
Add component (AddParameter): Name = "PackageDocument"; Value = "B"; VariantName = "[No Variations]"
Add component (AddParameter): Name = "PackageReference"; Value = "788574"; VariantName = "[No Variations]"
Add component (AddParameter): Name = "Positions"; Value = "15"; VariantName = "[No Variations]"
Add component (AddParameter): Name = "Published"; Value = "15-Jun-2001"; VariantName = "[No Variations]"
Add component (AddParameter): Name = "Publisher"; Value = "Altium Limited"; VariantName = "[No Variations]"
Added Component: Designator=J17(DB15-PCB)
Add component. Clean all parameters for all variants
Add component (AddParameter): Name = "DatasheetDocument"; Value = "24-Nov-1999"; VariantName = "[No Variations]"
Add component (AddParameter): Name = "Gender"; Value = "Receptacle Header"; VariantName = "[No Variations]"
Add component (AddParameter): Name = "LatestRevisionDate"; Value = "17-Jul-2002"; VariantName = "[No Variations]"
Add component (AddParameter): Name = "LatestRevisionNote"; Value = "Re-released for DXP Platform."; VariantName = "[No Variations]"
Add component (AddParameter): Name = "Orientation"; Value = "Right Angle"; VariantName = "[No Variations]"
Add component (AddParameter): Name = "PackageDocument"; Value = "B"; VariantName = "[No Variations]"
Add component (AddParameter): Name = "PackageReference"; Value = "788574"; VariantName = "[No Variations]"
Add component (AddParameter): Name = "Positions"; Value = "15"; VariantName = "[No Variations]"
Add component (AddParameter): Name = "Published"; Value = "15-Jun-2001"; VariantName = "[No Variations]"
Add component (AddParameter): Name = "Publisher"; Value = "Altium Limited"; VariantName = "[No Variations]"
Added Component: Designator=J18(DB15-PCB)
Add component. Clean all parameters for all variants
Add component (AddParameter): Name = "DatasheetDocument"; Value = "24-Nov-1999"; VariantName = "[No Variations]"
Add component (AddParameter): Name = "Gender"; Value = "Receptacle Header"; VariantName = "[No Variations]"
Add component (AddParameter): Name = "LatestRevisionDate"; Value = "17-Jul-2002"; VariantName = "[No Variations]"
Add component (AddParameter): Name = "LatestRevisionNote"; Value = "Re-released for DXP Platform."; VariantName = "[No Variations]"
Add component (AddParameter): Name = "Orientation"; Value = "Right Angle"; VariantName = "[No Variations]"
Add component (AddParameter): Name = "PackageDocument"; Value = "B"; VariantName = "[No Variations]"
Add component (AddParameter): Name = "PackageReference"; Value = "788574"; VariantName = "[No Variations]"
Add component (AddParameter): Name = "Positions"; Value = "15"; VariantName = "[No Variations]"
Add component (AddParameter): Name = "Published"; Value = "15-Jun-2001"; VariantName = "[No Variations]"
Add component (AddParameter): Name = "Publisher"; Value = "Altium Limited"; VariantName = "[No Variations]"
Added Component: Designator=J19(DB15-PCB)
Add component. Clean all parameters for all variants
Add component (AddParameter): Name = "DatasheetDocument"; Value = "24-Nov-1999"; VariantName = "[No Variations]"
Add component (AddParameter): Name = "Gender"; Value = "Receptacle Header"; VariantName = "[No Variations]"
Add component (AddParameter): Name = "LatestRevisionDate"; Value = "17-Jul-2002"; VariantName = "[No Variations]"
Add component (AddParameter): Name = "LatestRevisionNote"; Value = "Re-released for DXP Platform."; VariantName = "[No Variations]"
Add component (AddParameter): Name = "Orientation"; Value = "Right Angle"; VariantName = "[No Variations]"
Add component (AddParameter): Name = "PackageDocument"; Value = "B"; VariantName = "[No Variations]"
Add component (AddParameter): Name = "PackageReference"; Value = "788574"; VariantName = "[No Variations]"
Add component (AddParameter): Name = "Positions"; Value = "15"; VariantName = "[No Variations]"
Add component (AddParameter): Name = "Published"; Value = "15-Jun-2001"; VariantName = "[No Variations]"
Add component (AddParameter): Name = "Publisher"; Value = "Altium Limited"; VariantName = "[No Variations]"
Added Component: Designator=J20(DB15-PCB)
Add component. Clean all parameters for all variants
Add component (AddParameter): Name = "DatasheetDocument"; Value = "24-Nov-1999"; VariantName = "[No Variations]"
Add component (AddParameter): Name = "Gender"; Value = "Receptacle Header"; VariantName = "[No Variations]"
Add component (AddParameter): Name = "LatestRevisionDate"; Value = "17-Jul-2002"; VariantName = "[No Variations]"
Add component (AddParameter): Name = "LatestRevisionNote"; Value = "Re-released for DXP Platform."; VariantName = "[No Variations]"
Add component (AddParameter): Name = "Orientation"; Value = "Right Angle"; VariantName = "[No Variations]"
Add component (AddParameter): Name = "PackageDocument"; Value = "B"; VariantName = "[No Variations]"
Add component (AddParameter): Name = "PackageReference"; Value = "788574"; VariantName = "[No Variations]"
Add component (AddParameter): Name = "Positions"; Value = "15"; VariantName = "[No Variations]"
Add component (AddParameter): Name = "Published"; Value = "15-Jun-2001"; VariantName = "[No Variations]"
Add component (AddParameter): Name = "Publisher"; Value = "Altium Limited"; VariantName = "[No Variations]"
Added Member To Class: ClassName=整板_大板_one Member=Component J1 Connector 15
Added Member To Class: ClassName=整板_大板_one Member=Component J2 Connector 15
Added Member To Class: ClassName=整板_大板_one Member=Component J3 Connector 15
Added Member To Class: ClassName=整板_大板_one Member=Component J4 Connector 15
Added Member To Class: ClassName=整板_大板_one Member=Component J5 Connector 15
Added Member To Class: ClassName=整板_大板_one Member=Component J6 Connector 15
Added Member To Class: ClassName=整板_大板_one Member=Component J7 Connector 15
Added Member To Class: ClassName=整板_大板_one Member=Component J8 Connector 15
Added Member To Class: ClassName=整板_大板_one Member=Component J9 Connector 15
Added Member To Class: ClassName=整板_大板_one Member=Component J10 Connector 15
Added Member To Class: ClassName=整板_大板_one Member=Component J11 Connector 15
Added Member To Class: ClassName=整板_大板_one Member=Component J12 Connector 15
Added Member To Class: ClassName=整板_大板_one Member=Component J13 Connector 15
Added Member To Class: ClassName=整板_大板_one Member=Component J14 Connector 15
Added Member To Class: ClassName=整板_大板_one Member=Component J15 Connector 15
Added Member To Class: ClassName=整板_大板_one Member=Component J16 Connector 15
Added Member To Class: ClassName=整板_大板_one Member=Component J17 Connector 15
Added Member To Class: ClassName=整板_大板_one Member=Component J18 Connector 15
Added Member To Class: ClassName=整板_大板_one Member=Component J19 Connector 15
Added Member To Class: ClassName=整板_大板_one Member=Component J20 Connector 15
