Removed Pin From Net: NetName=VCC5V Pin=BX1-2
Removed Pin From Net: NetName=VCC5V Pin=BX2-2
Removed Pin From Net: NetName=VCC5V Pin=BX3-2
Removed Pin From Net: NetName=VCC5V Pin=BX4-2
Removed Pin From Net: NetName=VCC5V Pin=BX5-2
Removed Pin From Net: NetName=VCC5V Pin=BX6-2
Removed Pin From Net: NetName=VCC5V Pin=BX8-2
Removed Pin From Net: NetName=VCC5V Pin=BX9-2
Removed Pin From Net: NetName=VCC5V Pin=BX10-2
Removed Pin From Net: NetName=VCC5V Pin=BX11-2
Removed Pin From Net: NetName=VCC5V Pin=BX12-2
Removed Pin From Net: NetName=VCC5V Pin=BX13-2
Removed Pin From Net: NetName=VCC5V Pin=BX14-2
Removed Pin From Net: NetName=VCC5V Pin=BX15-2
Removed Pin From Net: NetName=VCC5V Pin=BX16-2
Removed Pin From Net: NetName=VCC5V Pin=BX17-2
Removed Pin From Net: NetName=VCC5V Pin=BX18-2
Removed Pin From Net: NetName=VCC5V Pin=BX19-2
Removed Pin From Net: NetName=VCC5V Pin=BX20-2
Removed Pin From Net: NetName=VCC5V Pin=C1-1
Removed Pin From Net: NetName=VCC5V Pin=C2-1
Removed Pin From Net: NetName=VCC5V Pin=C3-1
Removed Pin From Net: NetName=VCC5V Pin=C4-1
Removed Pin From Net: NetName=VCC5V Pin=C5-1
Removed Pin From Net: NetName=VCC5V Pin=C6-1
Removed Pin From Net: NetName=VCC5V Pin=C7-1
Removed Pin From Net: NetName=VCC5V Pin=C8-1
Removed Pin From Net: NetName=VCC5V Pin=C9-1
Removed Pin From Net: NetName=VCC5V Pin=C10-1
Removed Pin From Net: NetName=VCC5V Pin=C11-1
Removed Pin From Net: NetName=VCC5V Pin=C12-1
Removed Pin From Net: NetName=VCC5V Pin=C15-1
Removed Pin From Net: NetName=VCC5V Pin=C16-1
Removed Pin From Net: NetName=VCC5V Pin=C17-1
Removed Pin From Net: NetName=VCC5V Pin=C18-1
Removed Pin From Net: NetName=VCC5V Pin=C19-1
Removed Pin From Net: NetName=VCC5V Pin=C20-1
Removed Pin From Net: NetName=VCC5V Pin=C21-1
Removed Pin From Net: NetName=VCC5V Pin=C22-1
Removed Pin From Net: NetName=VCC5V Pin=C23-1
Removed Pin From Net: NetName=VCC5V Pin=C24-1
Removed Pin From Net: NetName=VCC5V Pin=C25-1
Removed Pin From Net: NetName=VCC5V Pin=C26-1
Removed Pin From Net: NetName=VCC5V Pin=C27-1
Removed Pin From Net: NetName=VCC5V Pin=C28-1
Removed Pin From Net: NetName=VCC5V Pin=C29-1
Removed Pin From Net: NetName=VCC5V Pin=C30-1
Removed Pin From Net: NetName=VCC5V Pin=C31-1
Removed Pin From Net: NetName=VCC5V Pin=C32-1
Removed Pin From Net: NetName=VCC5V Pin=C33-1
Removed Pin From Net: NetName=VCC5V Pin=C34-1
Removed Pin From Net: NetName=VCC5V Pin=C35-1
Removed Pin From Net: NetName=VCC5V Pin=C36-1
Removed Pin From Net: NetName=VCC5V Pin=C37-1
Removed Pin From Net: NetName=VCC5V Pin=C38-1
Removed Pin From Net: NetName=VCC5V Pin=C39-1
Removed Pin From Net: NetName=VCC5V Pin=C40-1
Removed Pin From Net: NetName=VCC5V Pin=C41-1
Removed Pin From Net: NetName=VCC5V Pin=C42-1
Removed Pin From Net: NetName=VCC5V Pin=C43-1
Removed Pin From Net: NetName=VCC5V Pin=C44-1
Removed Pin From Net: NetName=VCC5V Pin=C45-1
Removed Pin From Net: NetName=VCC5V Pin=C46-1
Removed Pin From Net: NetName=VCC5V Pin=C47-1
Removed Pin From Net: NetName=VCC5V Pin=C48-1
Removed Pin From Net: NetName=VCC5V Pin=C49-1
Removed Pin From Net: NetName=VCC5V Pin=C50-1
Removed Pin From Net: NetName=VCC5V Pin=C51-1
Removed Pin From Net: NetName=VCC5V Pin=C52-1
Removed Pin From Net: NetName=VCC5V Pin=C55-1
Removed Pin From Net: NetName=VCC5V Pin=C56-1
Removed Pin From Net: NetName=VCC5V Pin=C57-1
Removed Pin From Net: NetName=VCC5V Pin=C58-1
Removed Pin From Net: NetName=VCC5V Pin=C59-1
Removed Pin From Net: NetName=VCC5V Pin=C60-1
Removed Pin From Net: NetName=VCC5V Pin=C61-1
Removed Pin From Net: NetName=VCC5V Pin=C62-1
Removed Pin From Net: NetName=VCC5V Pin=C63-1
Removed Pin From Net: NetName=VCC5V Pin=C64-1
Removed Pin From Net: NetName=VCC5V Pin=C65-1
Removed Pin From Net: NetName=VCC5V Pin=C66-1
Removed Pin From Net: NetName=VCC5V Pin=C67-1
Removed Pin From Net: NetName=VCC5V Pin=C68-1
Removed Pin From Net: NetName=VCC5V Pin=C69-1
Removed Pin From Net: NetName=VCC5V Pin=C70-1
Removed Pin From Net: NetName=VCC5V Pin=C71-1
Removed Pin From Net: NetName=VCC5V Pin=C72-1
Removed Pin From Net: NetName=VCC5V Pin=C73-1
Removed Pin From Net: NetName=VCC5V Pin=C74-1
Removed Pin From Net: NetName=VCC5V Pin=C75-1
Removed Pin From Net: NetName=VCC5V Pin=C76-1
Removed Pin From Net: NetName=VCC5V Pin=C77-1
Removed Pin From Net: NetName=VCC5V Pin=C78-1
Removed Pin From Net: NetName=VCC5V Pin=C79-1
Removed Pin From Net: NetName=VCC5V Pin=C80-1
Removed Pin From Net: NetName=VCC5V Pin=R1-2
Removed Pin From Net: NetName=VCC5V Pin=R2-2
Removed Pin From Net: NetName=VCC5V Pin=R3-2
Removed Pin From Net: NetName=VCC5V Pin=R4-2
Removed Pin From Net: NetName=VCC5V Pin=R5-2
Removed Pin From Net: NetName=VCC5V Pin=R6-2
Removed Pin From Net: NetName=VCC5V Pin=R7-2
Removed Pin From Net: NetName=VCC5V Pin=R8-2
Removed Pin From Net: NetName=VCC5V Pin=R9-2
Removed Pin From Net: NetName=VCC5V Pin=R10-2
Removed Pin From Net: NetName=VCC5V Pin=R11-2
Removed Pin From Net: NetName=VCC5V Pin=R12-2
Removed Pin From Net: NetName=VCC5V Pin=R13-2
Removed Pin From Net: NetName=VCC5V Pin=R14-2
Removed Pin From Net: NetName=VCC5V Pin=R15-2
Removed Pin From Net: NetName=VCC5V Pin=R16-1
Removed Pin From Net: NetName=VCC5V Pin=R18-1
Removed Pin From Net: NetName=VCC5V Pin=R20-1
Removed Pin From Net: NetName=VCC5V Pin=R22-1
Removed Pin From Net: NetName=VCC5V Pin=R24-1
Removed Pin From Net: NetName=VCC5V Pin=R26-2
Removed Pin From Net: NetName=VCC5V Pin=R27-2
Removed Pin From Net: NetName=VCC5V Pin=R28-2
Removed Pin From Net: NetName=VCC5V Pin=R32-2
Removed Pin From Net: NetName=VCC5V Pin=R33-2
Removed Pin From Net: NetName=VCC5V Pin=R34-2
Removed Pin From Net: NetName=VCC5V Pin=R35-2
Removed Pin From Net: NetName=VCC5V Pin=R36-2
Removed Pin From Net: NetName=VCC5V Pin=R37-2
Removed Pin From Net: NetName=VCC5V Pin=R38-2
Removed Pin From Net: NetName=VCC5V Pin=R39-2
Removed Pin From Net: NetName=VCC5V Pin=R40-2
Removed Pin From Net: NetName=VCC5V Pin=R41-1
Removed Pin From Net: NetName=VCC5V Pin=R45-1
Removed Pin From Net: NetName=VCC5V Pin=R47-1
Removed Pin From Net: NetName=VCC5V Pin=R49-1
Removed Pin From Net: NetName=VCC5V Pin=R51-2
Removed Pin From Net: NetName=VCC5V Pin=R52-2
Removed Pin From Net: NetName=VCC5V Pin=R53-2
Removed Pin From Net: NetName=VCC5V Pin=R54-2
Removed Pin From Net: NetName=VCC5V Pin=R55-2
Removed Pin From Net: NetName=VCC5V Pin=R56-2
Removed Pin From Net: NetName=VCC5V Pin=R57-2
Removed Pin From Net: NetName=VCC5V Pin=R58-2
Removed Pin From Net: NetName=VCC5V Pin=R59-2
Removed Pin From Net: NetName=VCC5V Pin=R60-2
Removed Pin From Net: NetName=VCC5V Pin=R61-2
Removed Pin From Net: NetName=VCC5V Pin=R62-2
Removed Pin From Net: NetName=VCC5V Pin=R63-2
Removed Pin From Net: NetName=VCC5V Pin=R64-2
Removed Pin From Net: NetName=VCC5V Pin=R65-2
Removed Pin From Net: NetName=VCC5V Pin=R66-1
Removed Pin From Net: NetName=VCC5V Pin=R68-1
Removed Pin From Net: NetName=VCC5V Pin=R70-1
Removed Pin From Net: NetName=VCC5V Pin=R72-1
Removed Pin From Net: NetName=VCC5V Pin=R74-1
Removed Pin From Net: NetName=VCC5V Pin=R78-2
Removed Pin From Net: NetName=VCC5V Pin=R79-2
Removed Pin From Net: NetName=VCC5V Pin=R80-2
Removed Pin From Net: NetName=VCC5V Pin=R81-2
Removed Pin From Net: NetName=VCC5V Pin=R82-2
Removed Pin From Net: NetName=VCC5V Pin=R83-2
Removed Pin From Net: NetName=VCC5V Pin=R84-2
Removed Pin From Net: NetName=VCC5V Pin=R85-2
Removed Pin From Net: NetName=VCC5V Pin=R86-2
Removed Pin From Net: NetName=VCC5V Pin=R87-2
Removed Pin From Net: NetName=VCC5V Pin=R88-2
Removed Pin From Net: NetName=VCC5V Pin=R89-2
Removed Pin From Net: NetName=VCC5V Pin=R90-2
Removed Pin From Net: NetName=VCC5V Pin=R91-2
Removed Pin From Net: NetName=VCC5V Pin=R92-2
Removed Pin From Net: NetName=VCC5V Pin=R93-1
Removed Pin From Net: NetName=VCC5V Pin=R95-1
Removed Pin From Net: NetName=VCC5V Pin=R97-1
Removed Pin From Net: NetName=VCC5V Pin=R99-1
Removed Pin From Net: NetName=VCC5V Pin=R101-1
Removed Pin From Net: NetName=VCC5V Pin=U1-8
Removed Pin From Net: NetName=VCC5V Pin=U2-8
Removed Pin From Net: NetName=VCC5V Pin=U3-8
Removed Pin From Net: NetName=VCC5V Pin=U4-8
Removed Pin From Net: NetName=VCC5V Pin=U5-8
Removed Pin From Net: NetName=VCC5V Pin=U6-8
Removed Pin From Net: NetName=VCC5V Pin=U8-8
Removed Pin From Net: NetName=VCC5V Pin=U9-8
Removed Pin From Net: NetName=VCC5V Pin=U10-8
Removed Pin From Net: NetName=VCC5V Pin=U11-8
Removed Pin From Net: NetName=VCC5V Pin=U12-8
Removed Pin From Net: NetName=VCC5V Pin=U13-8
Removed Pin From Net: NetName=VCC5V Pin=U14-8
Removed Pin From Net: NetName=VCC5V Pin=U15-8
Removed Pin From Net: NetName=VCC5V Pin=U16-8
Removed Pin From Net: NetName=VCC5V Pin=U17-8
Removed Pin From Net: NetName=VCC5V Pin=U18-8
Removed Pin From Net: NetName=VCC5V Pin=U19-8
Removed Pin From Net: NetName=VCC5V Pin=U20-8
Removed Pin From Net: NetName=VCC5V Pin=U21-1
Removed Pin From Net: NetName=VCC5V Pin=U22-1
Removed Pin From Net: NetName=VCC5V Pin=U23-1
Removed Pin From Net: NetName=VCC5V Pin=U24-1
Removed Pin From Net: NetName=VCC5V Pin=U25-1
Removed Pin From Net: NetName=VCC5V Pin=U26-1
Removed Pin From Net: NetName=VCC5V Pin=U28-1
Removed Pin From Net: NetName=VCC5V Pin=U29-1
Removed Pin From Net: NetName=VCC5V Pin=U30-1
Removed Pin From Net: NetName=VCC5V Pin=U31-1
Removed Pin From Net: NetName=VCC5V Pin=U32-1
Removed Pin From Net: NetName=VCC5V Pin=U33-1
Removed Pin From Net: NetName=VCC5V Pin=U34-1
Removed Pin From Net: NetName=VCC5V Pin=U35-1
Removed Pin From Net: NetName=VCC5V Pin=U36-1
Removed Pin From Net: NetName=VCC5V Pin=U37-1
Removed Pin From Net: NetName=VCC5V Pin=U38-1
Removed Pin From Net: NetName=VCC5V Pin=U39-1
Removed Pin From Net: NetName=VCC5V Pin=U40-1
Change Net Name : Old Net Name=VCC5V New Net Name=VCC5V_S7
Added Pin To Net: NetName=VCC5V_S1 Pin=BX1-2
Added Pin To Net: NetName=VCC5V_S1 Pin=C1-1
Added Pin To Net: NetName=VCC5V_S1 Pin=C2-1
Added Pin To Net: NetName=VCC5V_S1 Pin=C41-1
Added Pin To Net: NetName=VCC5V_S1 Pin=C42-1
Added Pin To Net: NetName=VCC5V_S1 Pin=R1-2
Added Pin To Net: NetName=VCC5V_S1 Pin=R2-2
Added Pin To Net: NetName=VCC5V_S1 Pin=R3-2
Added Pin To Net: NetName=VCC5V_S1 Pin=R16-1
Added Pin To Net: NetName=VCC5V_S1 Pin=U1-8
Added Pin To Net: NetName=VCC5V_S1 Pin=U21-1
Added Net: Name=VCC5V_S1
Added Pin To Net: NetName=VCC5V_S2 Pin=BX2-2
Added Pin To Net: NetName=VCC5V_S2 Pin=C3-1
Added Pin To Net: NetName=VCC5V_S2 Pin=C4-1
Added Pin To Net: NetName=VCC5V_S2 Pin=C43-1
Added Pin To Net: NetName=VCC5V_S2 Pin=C44-1
Added Pin To Net: NetName=VCC5V_S2 Pin=R4-2
Added Pin To Net: NetName=VCC5V_S2 Pin=R5-2
Added Pin To Net: NetName=VCC5V_S2 Pin=R6-2
Added Pin To Net: NetName=VCC5V_S2 Pin=R18-1
Added Pin To Net: NetName=VCC5V_S2 Pin=U2-8
Added Pin To Net: NetName=VCC5V_S2 Pin=U22-1
Added Net: Name=VCC5V_S2
Added Pin To Net: NetName=VCC5V_S3 Pin=BX3-2
Added Pin To Net: NetName=VCC5V_S3 Pin=C5-1
Added Pin To Net: NetName=VCC5V_S3 Pin=C6-1
Added Pin To Net: NetName=VCC5V_S3 Pin=C45-1
Added Pin To Net: NetName=VCC5V_S3 Pin=C46-1
Added Pin To Net: NetName=VCC5V_S3 Pin=R7-2
Added Pin To Net: NetName=VCC5V_S3 Pin=R8-2
Added Pin To Net: NetName=VCC5V_S3 Pin=R9-2
Added Pin To Net: NetName=VCC5V_S3 Pin=R20-1
Added Pin To Net: NetName=VCC5V_S3 Pin=U3-8
Added Pin To Net: NetName=VCC5V_S3 Pin=U23-1
Added Net: Name=VCC5V_S3
Added Pin To Net: NetName=VCC5V_S4 Pin=BX4-2
Added Pin To Net: NetName=VCC5V_S4 Pin=C7-1
Added Pin To Net: NetName=VCC5V_S4 Pin=C8-1
Added Pin To Net: NetName=VCC5V_S4 Pin=C47-1
Added Pin To Net: NetName=VCC5V_S4 Pin=C48-1
Added Pin To Net: NetName=VCC5V_S4 Pin=R10-2
Added Pin To Net: NetName=VCC5V_S4 Pin=R11-2
Added Pin To Net: NetName=VCC5V_S4 Pin=R12-2
Added Pin To Net: NetName=VCC5V_S4 Pin=R22-1
Added Pin To Net: NetName=VCC5V_S4 Pin=U4-8
Added Pin To Net: NetName=VCC5V_S4 Pin=U24-1
Added Net: Name=VCC5V_S4
Added Pin To Net: NetName=VCC5V_S5 Pin=BX5-2
Added Pin To Net: NetName=VCC5V_S5 Pin=C9-1
Added Pin To Net: NetName=VCC5V_S5 Pin=C10-1
Added Pin To Net: NetName=VCC5V_S5 Pin=C49-1
Added Pin To Net: NetName=VCC5V_S5 Pin=C50-1
Added Pin To Net: NetName=VCC5V_S5 Pin=R13-2
Added Pin To Net: NetName=VCC5V_S5 Pin=R14-2
Added Pin To Net: NetName=VCC5V_S5 Pin=R15-2
Added Pin To Net: NetName=VCC5V_S5 Pin=R24-1
Added Pin To Net: NetName=VCC5V_S5 Pin=U5-8
Added Pin To Net: NetName=VCC5V_S5 Pin=U25-1
Added Net: Name=VCC5V_S5
Added Pin To Net: NetName=VCC5V_S6 Pin=BX6-2
Added Pin To Net: NetName=VCC5V_S6 Pin=C11-1
Added Pin To Net: NetName=VCC5V_S6 Pin=C12-1
Added Pin To Net: NetName=VCC5V_S6 Pin=C51-1
Added Pin To Net: NetName=VCC5V_S6 Pin=C52-1
Added Pin To Net: NetName=VCC5V_S6 Pin=R26-2
Added Pin To Net: NetName=VCC5V_S6 Pin=R27-2
Added Pin To Net: NetName=VCC5V_S6 Pin=R28-2
Added Pin To Net: NetName=VCC5V_S6 Pin=R41-1
Added Pin To Net: NetName=VCC5V_S6 Pin=U6-8
Added Pin To Net: NetName=VCC5V_S6 Pin=U26-1
Added Net: Name=VCC5V_S6
Added Pin To Net: NetName=VCC5V_S8 Pin=BX8-2
Added Pin To Net: NetName=VCC5V_S8 Pin=C15-1
Added Pin To Net: NetName=VCC5V_S8 Pin=C16-1
Added Pin To Net: NetName=VCC5V_S8 Pin=C55-1
Added Pin To Net: NetName=VCC5V_S8 Pin=C56-1
Added Pin To Net: NetName=VCC5V_S8 Pin=R32-2
Added Pin To Net: NetName=VCC5V_S8 Pin=R33-2
Added Pin To Net: NetName=VCC5V_S8 Pin=R34-2
Added Pin To Net: NetName=VCC5V_S8 Pin=R45-1
Added Pin To Net: NetName=VCC5V_S8 Pin=U8-8
Added Pin To Net: NetName=VCC5V_S8 Pin=U28-1
Added Net: Name=VCC5V_S8
Added Pin To Net: NetName=VCC5V_S9 Pin=BX9-2
Added Pin To Net: NetName=VCC5V_S9 Pin=C17-1
Added Pin To Net: NetName=VCC5V_S9 Pin=C18-1
Added Pin To Net: NetName=VCC5V_S9 Pin=C57-1
Added Pin To Net: NetName=VCC5V_S9 Pin=C58-1
Added Pin To Net: NetName=VCC5V_S9 Pin=R35-2
Added Pin To Net: NetName=VCC5V_S9 Pin=R36-2
Added Pin To Net: NetName=VCC5V_S9 Pin=R37-2
Added Pin To Net: NetName=VCC5V_S9 Pin=R47-1
Added Pin To Net: NetName=VCC5V_S9 Pin=U9-8
Added Pin To Net: NetName=VCC5V_S9 Pin=U29-1
Added Net: Name=VCC5V_S9
Added Pin To Net: NetName=VCC5V_S10 Pin=BX10-2
Added Pin To Net: NetName=VCC5V_S10 Pin=C19-1
Added Pin To Net: NetName=VCC5V_S10 Pin=C20-1
Added Pin To Net: NetName=VCC5V_S10 Pin=C59-1
Added Pin To Net: NetName=VCC5V_S10 Pin=C60-1
Added Pin To Net: NetName=VCC5V_S10 Pin=R38-2
Added Pin To Net: NetName=VCC5V_S10 Pin=R39-2
Added Pin To Net: NetName=VCC5V_S10 Pin=R40-2
Added Pin To Net: NetName=VCC5V_S10 Pin=R49-1
Added Pin To Net: NetName=VCC5V_S10 Pin=U10-8
Added Pin To Net: NetName=VCC5V_S10 Pin=U30-1
Added Net: Name=VCC5V_S10
Added Pin To Net: NetName=VCC5V_S11 Pin=BX11-2
Added Pin To Net: NetName=VCC5V_S11 Pin=C21-1
Added Pin To Net: NetName=VCC5V_S11 Pin=C22-1
Added Pin To Net: NetName=VCC5V_S11 Pin=C61-1
Added Pin To Net: NetName=VCC5V_S11 Pin=C62-1
Added Pin To Net: NetName=VCC5V_S11 Pin=R51-2
Added Pin To Net: NetName=VCC5V_S11 Pin=R52-2
Added Pin To Net: NetName=VCC5V_S11 Pin=R53-2
Added Pin To Net: NetName=VCC5V_S11 Pin=R66-1
Added Pin To Net: NetName=VCC5V_S11 Pin=U11-8
Added Pin To Net: NetName=VCC5V_S11 Pin=U31-1
Added Net: Name=VCC5V_S11
Added Pin To Net: NetName=VCC5V_S12 Pin=BX12-2
Added Pin To Net: NetName=VCC5V_S12 Pin=C23-1
Added Pin To Net: NetName=VCC5V_S12 Pin=C24-1
Added Pin To Net: NetName=VCC5V_S12 Pin=C63-1
Added Pin To Net: NetName=VCC5V_S12 Pin=C64-1
Added Pin To Net: NetName=VCC5V_S12 Pin=R54-2
Added Pin To Net: NetName=VCC5V_S12 Pin=R55-2
Added Pin To Net: NetName=VCC5V_S12 Pin=R56-2
Added Pin To Net: NetName=VCC5V_S12 Pin=R68-1
Added Pin To Net: NetName=VCC5V_S12 Pin=U12-8
Added Pin To Net: NetName=VCC5V_S12 Pin=U32-1
Added Net: Name=VCC5V_S12
Added Pin To Net: NetName=VCC5V_S13 Pin=BX13-2
Added Pin To Net: NetName=VCC5V_S13 Pin=C25-1
Added Pin To Net: NetName=VCC5V_S13 Pin=C26-1
Added Pin To Net: NetName=VCC5V_S13 Pin=C65-1
Added Pin To Net: NetName=VCC5V_S13 Pin=C66-1
Added Pin To Net: NetName=VCC5V_S13 Pin=R57-2
Added Pin To Net: NetName=VCC5V_S13 Pin=R58-2
Added Pin To Net: NetName=VCC5V_S13 Pin=R59-2
Added Pin To Net: NetName=VCC5V_S13 Pin=R70-1
Added Pin To Net: NetName=VCC5V_S13 Pin=U13-8
Added Pin To Net: NetName=VCC5V_S13 Pin=U33-1
Added Net: Name=VCC5V_S13
Added Pin To Net: NetName=VCC5V_S14 Pin=BX14-2
Added Pin To Net: NetName=VCC5V_S14 Pin=C27-1
Added Pin To Net: NetName=VCC5V_S14 Pin=C28-1
Added Pin To Net: NetName=VCC5V_S14 Pin=C67-1
Added Pin To Net: NetName=VCC5V_S14 Pin=C68-1
Added Pin To Net: NetName=VCC5V_S14 Pin=R60-2
Added Pin To Net: NetName=VCC5V_S14 Pin=R61-2
Added Pin To Net: NetName=VCC5V_S14 Pin=R62-2
Added Pin To Net: NetName=VCC5V_S14 Pin=R72-1
Added Pin To Net: NetName=VCC5V_S14 Pin=U14-8
Added Pin To Net: NetName=VCC5V_S14 Pin=U34-1
Added Net: Name=VCC5V_S14
Added Pin To Net: NetName=VCC5V_S15 Pin=BX15-2
Added Pin To Net: NetName=VCC5V_S15 Pin=C29-1
Added Pin To Net: NetName=VCC5V_S15 Pin=C30-1
Added Pin To Net: NetName=VCC5V_S15 Pin=C69-1
Added Pin To Net: NetName=VCC5V_S15 Pin=C70-1
Added Pin To Net: NetName=VCC5V_S15 Pin=R63-2
Added Pin To Net: NetName=VCC5V_S15 Pin=R64-2
Added Pin To Net: NetName=VCC5V_S15 Pin=R65-2
Added Pin To Net: NetName=VCC5V_S15 Pin=R74-1
Added Pin To Net: NetName=VCC5V_S15 Pin=U15-8
Added Pin To Net: NetName=VCC5V_S15 Pin=U35-1
Added Net: Name=VCC5V_S15
Added Pin To Net: NetName=VCC5V_S16 Pin=BX16-2
Added Pin To Net: NetName=VCC5V_S16 Pin=C31-1
Added Pin To Net: NetName=VCC5V_S16 Pin=C32-1
Added Pin To Net: NetName=VCC5V_S16 Pin=C71-1
Added Pin To Net: NetName=VCC5V_S16 Pin=C72-1
Added Pin To Net: NetName=VCC5V_S16 Pin=R78-2
Added Pin To Net: NetName=VCC5V_S16 Pin=R79-2
Added Pin To Net: NetName=VCC5V_S16 Pin=R80-2
Added Pin To Net: NetName=VCC5V_S16 Pin=R93-1
Added Pin To Net: NetName=VCC5V_S16 Pin=U16-8
Added Pin To Net: NetName=VCC5V_S16 Pin=U36-1
Added Net: Name=VCC5V_S16
Added Pin To Net: NetName=VCC5V_S17 Pin=BX17-2
Added Pin To Net: NetName=VCC5V_S17 Pin=C33-1
Added Pin To Net: NetName=VCC5V_S17 Pin=C34-1
Added Pin To Net: NetName=VCC5V_S17 Pin=C73-1
Added Pin To Net: NetName=VCC5V_S17 Pin=C74-1
Added Pin To Net: NetName=VCC5V_S17 Pin=R81-2
Added Pin To Net: NetName=VCC5V_S17 Pin=R82-2
Added Pin To Net: NetName=VCC5V_S17 Pin=R83-2
Added Pin To Net: NetName=VCC5V_S17 Pin=R95-1
Added Pin To Net: NetName=VCC5V_S17 Pin=U17-8
Added Pin To Net: NetName=VCC5V_S17 Pin=U37-1
Added Net: Name=VCC5V_S17
Added Pin To Net: NetName=VCC5V_S18 Pin=BX18-2
Added Pin To Net: NetName=VCC5V_S18 Pin=C35-1
Added Pin To Net: NetName=VCC5V_S18 Pin=C36-1
Added Pin To Net: NetName=VCC5V_S18 Pin=C75-1
Added Pin To Net: NetName=VCC5V_S18 Pin=C76-1
Added Pin To Net: NetName=VCC5V_S18 Pin=R84-2
Added Pin To Net: NetName=VCC5V_S18 Pin=R85-2
Added Pin To Net: NetName=VCC5V_S18 Pin=R86-2
Added Pin To Net: NetName=VCC5V_S18 Pin=R97-1
Added Pin To Net: NetName=VCC5V_S18 Pin=U18-8
Added Pin To Net: NetName=VCC5V_S18 Pin=U38-1
Added Net: Name=VCC5V_S18
Added Pin To Net: NetName=VCC5V_S19 Pin=BX19-2
Added Pin To Net: NetName=VCC5V_S19 Pin=C37-1
Added Pin To Net: NetName=VCC5V_S19 Pin=C38-1
Added Pin To Net: NetName=VCC5V_S19 Pin=C77-1
Added Pin To Net: NetName=VCC5V_S19 Pin=C78-1
Added Pin To Net: NetName=VCC5V_S19 Pin=R87-2
Added Pin To Net: NetName=VCC5V_S19 Pin=R88-2
Added Pin To Net: NetName=VCC5V_S19 Pin=R89-2
Added Pin To Net: NetName=VCC5V_S19 Pin=R99-1
Added Pin To Net: NetName=VCC5V_S19 Pin=U19-8
Added Pin To Net: NetName=VCC5V_S19 Pin=U39-1
Added Net: Name=VCC5V_S19
Added Pin To Net: NetName=VCC5V_S20 Pin=BX20-2
Added Pin To Net: NetName=VCC5V_S20 Pin=C39-1
Added Pin To Net: NetName=VCC5V_S20 Pin=C40-1
Added Pin To Net: NetName=VCC5V_S20 Pin=C79-1
Added Pin To Net: NetName=VCC5V_S20 Pin=C80-1
Added Pin To Net: NetName=VCC5V_S20 Pin=R90-2
Added Pin To Net: NetName=VCC5V_S20 Pin=R91-2
Added Pin To Net: NetName=VCC5V_S20 Pin=R92-2
Added Pin To Net: NetName=VCC5V_S20 Pin=R101-1
Added Pin To Net: NetName=VCC5V_S20 Pin=U20-8
Added Pin To Net: NetName=VCC5V_S20 Pin=U40-1
Added Net: Name=VCC5V_S20
Added Member To Class: ClassName=整板_大板_one Member=Component D2 SM712
Added Member To Class: ClassName=整板_大板_one Member=Component U21 Stm32F103C8T6
