Removed Pin From Net: NetName=PE Pin=J1-16
Removed Pin From Net: NetName=PE Pin=J1-17
Removed Pin From Net: NetName=PE Pin=J2-16
Removed Pin From Net: NetName=PE Pin=J2-17
Removed Pin From Net: NetName=PE Pin=J3-16
Removed Pin From Net: NetName=PE Pin=J3-17
Removed Pin From Net: NetName=PE Pin=J4-16
Removed Pin From Net: NetName=PE Pin=J4-17
Removed Pin From Net: NetName=PE Pin=J5-16
Removed Pin From Net: NetName=PE Pin=J5-17
Removed Pin From Net: NetName=PE Pin=J6-16
Removed Pin From Net: NetName=PE Pin=J6-17
Removed Pin From Net: NetName=PE Pin=J7-16
Removed Pin From Net: NetName=PE Pin=J7-17
Removed Pin From Net: NetName=PE Pin=J8-16
Removed Pin From Net: NetName=PE Pin=J8-17
Removed Pin From Net: NetName=PE Pin=J9-16
Removed Pin From Net: NetName=PE Pin=J9-17
Removed Pin From Net: NetName=PE Pin=J10-16
Removed Pin From Net: NetName=PE Pin=J10-17
Removed Pin From Net: NetName=PE Pin=J11-16
Removed Pin From Net: NetName=PE Pin=J11-17
Removed Pin From Net: NetName=PE Pin=J12-16
Removed Pin From Net: NetName=PE Pin=J12-17
Removed Pin From Net: NetName=PE Pin=J13-16
Removed Pin From Net: NetName=PE Pin=J13-17
Removed Pin From Net: NetName=PE Pin=J14-16
Removed Pin From Net: NetName=PE Pin=J14-17
Removed Pin From Net: NetName=PE Pin=J15-16
Removed Pin From Net: NetName=PE Pin=J15-17
Removed Pin From Net: NetName=PE Pin=J16-16
Removed Pin From Net: NetName=PE Pin=J16-17
Removed Pin From Net: NetName=PE Pin=J17-16
Removed Pin From Net: NetName=PE Pin=J17-17
Removed Pin From Net: NetName=PE Pin=J18-16
Removed Pin From Net: NetName=PE Pin=J18-17
Removed Pin From Net: NetName=PE Pin=J19-16
Removed Pin From Net: NetName=PE Pin=J19-17
Removed Pin From Net: NetName=PE Pin=J20-16
Removed Pin From Net: NetName=PE Pin=J20-17
Removed Pin From Net: NetName=CarrrierA Pin=P5-1
Removed Pin From Net: NetName=CarrrierA Pin=P5-1
Removed Pin From Net: NetName=CarrrierB Pin=P5-2
Removed Pin From Net: NetName=CarrrierB Pin=P5-2
Added Pin To Net: NetName=CarrrierB Pin=P5-1
Added Pin To Net: NetName=CarrrierB Pin=P5-1
Added Pin To Net: NetName=CarrrierA Pin=P5-2
Added Pin To Net: NetName=CarrrierA Pin=P5-2
