Remove Pin=J1-1 From Net=U1_P1
Remove Pin=J1-2 From Net=U1_P2
Remove Pin=J1-3 From Net=U1_P3
Remove Pin=J1-4 From Net=U1_P4
Remove Pin=J1-5 From Net=U1_P5
Remove Pin=J1-6 From Net=U1_P6
Remove Pin=J1-7 From Net=U1_P7
Remove Pin=J1-8 From Net=U1_P8
Remove Pin=J1-9 From Net=U1_P9
Remove Pin=J1-10 From Net=GND
Remove Pin=J1-11 From Net=CarrrierA
Remove Pin=J1-12 From Net=IN+
Remove Pin=J1-13 From Net=PE
Remove Pin=J1-14 From Net=GND
Remove Pin=J1-15 From Net=CarrrierB
Remove Pin=J2-1 From Net=U2_P1
Remove Pin=J2-2 From Net=U2_P2
Remove Pin=J2-3 From Net=U2_P3
Remove Pin=J2-4 From Net=U2_P4
Remove Pin=J2-5 From Net=U2_P5
Remove Pin=J2-6 From Net=U2_P6
Remove Pin=J2-7 From Net=U2_P7
Remove Pin=J2-8 From Net=U2_P8
Remove Pin=J2-9 From Net=U2_P9
Remove Pin=J2-10 From Net=GND
Remove Pin=J2-11 From Net=CarrrierA
Remove Pin=J2-12 From Net=IN+
Remove Pin=J2-13 From Net=PE
Remove Pin=J2-14 From Net=GND
Remove Pin=J2-15 From Net=CarrrierB
Remove Pin=J3-1 From Net=U3_P1
Remove Pin=J3-2 From Net=U3_P2
Remove Pin=J3-3 From Net=U3_P3
Remove Pin=J3-4 From Net=U3_P4
Remove Pin=J3-5 From Net=U3_P5
Remove Pin=J3-6 From Net=U3_P6
Remove Pin=J3-7 From Net=U3_P7
Remove Pin=J3-8 From Net=U3_P8
Remove Pin=J3-9 From Net=U3_P9
Remove Pin=J3-10 From Net=GND
Remove Pin=J3-11 From Net=CarrrierA
Remove Pin=J3-12 From Net=IN+
Remove Pin=J3-13 From Net=PE
Remove Pin=J3-14 From Net=GND
Remove Pin=J3-15 From Net=CarrrierB
Remove Pin=J4-1 From Net=U4_P1
Remove Pin=J4-2 From Net=U4_P2
Remove Pin=J4-3 From Net=U4_P3
Remove Pin=J4-4 From Net=U4_P4
Remove Pin=J4-5 From Net=U4_P5
Remove Pin=J4-6 From Net=U4_P6
Remove Pin=J4-7 From Net=U4_P7
Remove Pin=J4-8 From Net=U4_P8
Remove Pin=J4-9 From Net=U4_P9
Remove Pin=J4-10 From Net=GND
Remove Pin=J4-11 From Net=CarrrierA
Remove Pin=J4-12 From Net=IN+
Remove Pin=J4-13 From Net=PE
Remove Pin=J4-14 From Net=GND
Remove Pin=J4-15 From Net=CarrrierB
Remove Pin=J5-1 From Net=U5_P1
Remove Pin=J5-2 From Net=U5_P2
Remove Pin=J5-3 From Net=U5_P3
Remove Pin=J5-4 From Net=U5_P4
Remove Pin=J5-5 From Net=U5_P5
Remove Pin=J5-6 From Net=U5_P6
Remove Pin=J5-7 From Net=U5_P7
Remove Pin=J5-8 From Net=U5_P8
Remove Pin=J5-9 From Net=U5_P9
Remove Pin=J5-10 From Net=GND
Remove Pin=J5-11 From Net=CarrrierA
Remove Pin=J5-12 From Net=IN+
Remove Pin=J5-13 From Net=PE
Remove Pin=J5-14 From Net=GND
Remove Pin=J5-15 From Net=CarrrierB
Remove Pin=J6-1 From Net=U6_P1
Remove Pin=J6-2 From Net=U6_P2
Remove Pin=J6-3 From Net=U6_P3
Remove Pin=J6-4 From Net=U6_P4
Remove Pin=J6-5 From Net=U6_P5
Remove Pin=J6-6 From Net=U6_P6
Remove Pin=J6-7 From Net=U6_P7
Remove Pin=J6-8 From Net=U6_P8
Remove Pin=J6-9 From Net=U6_P9
Remove Pin=J6-10 From Net=GND
Remove Pin=J6-11 From Net=CarrrierA
Remove Pin=J6-12 From Net=IN+
Remove Pin=J6-13 From Net=PE
Remove Pin=J6-14 From Net=GND
Remove Pin=J6-15 From Net=CarrrierB
Remove Pin=J7-1 From Net=U7_P1
Remove Pin=J7-2 From Net=U7_P2
Remove Pin=J7-3 From Net=U7_P3
Remove Pin=J7-4 From Net=U7_P4
Remove Pin=J7-5 From Net=U7_P5
Remove Pin=J7-6 From Net=U7_P6
Remove Pin=J7-7 From Net=U7_P7
Remove Pin=J7-8 From Net=U7_P8
Remove Pin=J7-9 From Net=U7_P9
Remove Pin=J7-10 From Net=GND
Remove Pin=J7-11 From Net=CarrrierA
Remove Pin=J7-12 From Net=IN+
Remove Pin=J7-13 From Net=PE
Remove Pin=J7-14 From Net=GND
Remove Pin=J7-15 From Net=CarrrierB
Remove Pin=J8-1 From Net=U8_P1
Remove Pin=J8-2 From Net=U8_P2
Remove Pin=J8-3 From Net=U8_P3
Remove Pin=J8-4 From Net=U8_P4
Remove Pin=J8-5 From Net=U8_P5
Remove Pin=J8-6 From Net=U8_P6
Remove Pin=J8-7 From Net=U8_P7
Remove Pin=J8-8 From Net=U8_P8
Remove Pin=J8-9 From Net=U8_P9
Remove Pin=J8-10 From Net=GND
Remove Pin=J8-11 From Net=CarrrierA
Remove Pin=J8-12 From Net=IN+
Remove Pin=J8-13 From Net=PE
Remove Pin=J8-14 From Net=GND
Remove Pin=J8-15 From Net=CarrrierB
Remove Pin=J9-1 From Net=U9_P1
Remove Pin=J9-2 From Net=U9_P2
Remove Pin=J9-3 From Net=U9_P3
Remove Pin=J9-4 From Net=U9_P4
Remove Pin=J9-5 From Net=U9_P5
Remove Pin=J9-6 From Net=U9_P6
Remove Pin=J9-7 From Net=U9_P7
Remove Pin=J9-8 From Net=U9_P8
Remove Pin=J9-9 From Net=U9_P9
Remove Pin=J9-10 From Net=GND
Remove Pin=J9-11 From Net=CarrrierA
Remove Pin=J9-12 From Net=IN+
Remove Pin=J9-13 From Net=PE
Remove Pin=J9-14 From Net=GND
Remove Pin=J9-15 From Net=CarrrierB
Remove Pin=J10-1 From Net=U10_P1
Remove Pin=J10-2 From Net=U10_P2
Remove Pin=J10-3 From Net=U10_P3
Remove Pin=J10-4 From Net=U10_P4
Remove Pin=J10-5 From Net=U10_P5
Remove Pin=J10-6 From Net=U10_P6
Remove Pin=J10-7 From Net=U10_P7
Remove Pin=J10-8 From Net=U10_P8
Remove Pin=J10-9 From Net=U10_P9
Remove Pin=J10-10 From Net=GND
Remove Pin=J10-11 From Net=CarrrierA
Remove Pin=J10-12 From Net=IN+
Remove Pin=J10-13 From Net=PE
Remove Pin=J10-14 From Net=GND
Remove Pin=J10-15 From Net=CarrrierB
Remove Pin=J11-1 From Net=U11_P1
Remove Pin=J11-2 From Net=U11_P2
Remove Pin=J11-3 From Net=U11_P3
Remove Pin=J11-4 From Net=U11_P4
Remove Pin=J11-5 From Net=U11_P5
Remove Pin=J11-6 From Net=U11_P6
Remove Pin=J11-7 From Net=U11_P7
Remove Pin=J11-8 From Net=U11_P8
Remove Pin=J11-9 From Net=U11_P9
Remove Pin=J11-10 From Net=GND
Remove Pin=J11-11 From Net=CarrrierA
Remove Pin=J11-12 From Net=IN+
Remove Pin=J11-13 From Net=PE
Remove Pin=J11-14 From Net=GND
Remove Pin=J11-15 From Net=CarrrierB
Remove Pin=J12-1 From Net=U12_P1
Remove Pin=J12-2 From Net=U12_P2
Remove Pin=J12-3 From Net=U12_P3
Remove Pin=J12-4 From Net=U12_P4
Remove Pin=J12-5 From Net=U12_P5
Remove Pin=J12-6 From Net=U12_P6
Remove Pin=J12-7 From Net=U12_P7
Remove Pin=J12-8 From Net=U12_P8
Remove Pin=J12-9 From Net=U12_P9
Remove Pin=J12-10 From Net=GND
Remove Pin=J12-11 From Net=CarrrierA
Remove Pin=J12-12 From Net=IN+
Remove Pin=J12-13 From Net=PE
Remove Pin=J12-14 From Net=GND
Remove Pin=J12-15 From Net=CarrrierB
Remove Pin=J13-1 From Net=U13_P1
Remove Pin=J13-2 From Net=U13_P2
Remove Pin=J13-3 From Net=U13_P3
Remove Pin=J13-4 From Net=U13_P4
Remove Pin=J13-5 From Net=U13_P5
Remove Pin=J13-6 From Net=U13_P6
Remove Pin=J13-7 From Net=U13_P7
Remove Pin=J13-8 From Net=U13_P8
Remove Pin=J13-9 From Net=U13_P9
Remove Pin=J13-10 From Net=GND
Remove Pin=J13-11 From Net=CarrrierA
Remove Pin=J13-12 From Net=IN+
Remove Pin=J13-13 From Net=PE
Remove Pin=J13-14 From Net=GND
Remove Pin=J13-15 From Net=CarrrierB
Remove Pin=J14-1 From Net=U14_P1
Remove Pin=J14-2 From Net=U14_P2
Remove Pin=J14-3 From Net=U14_P3
Remove Pin=J14-4 From Net=U14_P4
Remove Pin=J14-5 From Net=U14_P5
Remove Pin=J14-6 From Net=U14_P6
Remove Pin=J14-7 From Net=U14_P7
Remove Pin=J14-8 From Net=U14_P8
Remove Pin=J14-9 From Net=U14_P9
Remove Pin=J14-10 From Net=GND
Remove Pin=J14-11 From Net=CarrrierA
Remove Pin=J14-12 From Net=IN+
Remove Pin=J14-13 From Net=PE
Remove Pin=J14-14 From Net=GND
Remove Pin=J14-15 From Net=CarrrierB
Remove Pin=J15-1 From Net=U15_P1
Remove Pin=J15-2 From Net=U15_P2
Remove Pin=J15-3 From Net=U15_P3
Remove Pin=J15-4 From Net=U15_P4
Remove Pin=J15-5 From Net=U15_P5
Remove Pin=J15-6 From Net=U15_P6
Remove Pin=J15-7 From Net=U15_P7
Remove Pin=J15-8 From Net=U15_P8
Remove Pin=J15-9 From Net=U15_P9
Remove Pin=J15-10 From Net=GND
Remove Pin=J15-11 From Net=CarrrierA
Remove Pin=J15-12 From Net=IN+
Remove Pin=J15-13 From Net=PE
Remove Pin=J15-14 From Net=GND
Remove Pin=J15-15 From Net=CarrrierB
Remove Pin=J16-1 From Net=U16_P1
Remove Pin=J16-2 From Net=U16_P2
Remove Pin=J16-3 From Net=U16_P3
Remove Pin=J16-4 From Net=U16_P4
Remove Pin=J16-5 From Net=U16_P5
Remove Pin=J16-6 From Net=U16_P6
Remove Pin=J16-7 From Net=U16_P7
Remove Pin=J16-8 From Net=U16_P8
Remove Pin=J16-9 From Net=U16_P9
Remove Pin=J16-10 From Net=GND
Remove Pin=J16-11 From Net=CarrrierA
Remove Pin=J16-12 From Net=IN+
Remove Pin=J16-13 From Net=PE
Remove Pin=J16-14 From Net=GND
Remove Pin=J16-15 From Net=CarrrierB
Remove Pin=J17-1 From Net=U17_P1
Remove Pin=J17-2 From Net=U17_P2
Remove Pin=J17-3 From Net=U17_P3
Remove Pin=J17-4 From Net=U17_P4
Remove Pin=J17-5 From Net=U17_P5
Remove Pin=J17-6 From Net=U17_P6
Remove Pin=J17-7 From Net=U17_P7
Remove Pin=J17-8 From Net=U17_P8
Remove Pin=J17-9 From Net=U17_P9
Remove Pin=J17-10 From Net=GND
Remove Pin=J17-11 From Net=CarrrierA
Remove Pin=J17-12 From Net=IN+
Remove Pin=J17-13 From Net=PE
Remove Pin=J17-14 From Net=GND
Remove Pin=J17-15 From Net=CarrrierB
Remove Pin=J18-1 From Net=U18_P1
Remove Pin=J18-2 From Net=U18_P2
Remove Pin=J18-3 From Net=U18_P3
Remove Pin=J18-4 From Net=U18_P4
Remove Pin=J18-5 From Net=U18_P5
Remove Pin=J18-6 From Net=U18_P6
Remove Pin=J18-7 From Net=U18_P7
Remove Pin=J18-8 From Net=U18_P8
Remove Pin=J18-9 From Net=U18_P9
Remove Pin=J18-10 From Net=GND
Remove Pin=J18-11 From Net=CarrrierA
Remove Pin=J18-12 From Net=IN+
Remove Pin=J18-13 From Net=PE
Remove Pin=J18-14 From Net=GND
Remove Pin=J18-15 From Net=CarrrierB
Remove Pin=J19-1 From Net=U19_P1
Remove Pin=J19-2 From Net=U19_P2
Remove Pin=J19-3 From Net=U19_P3
Remove Pin=J19-4 From Net=U19_P4
Remove Pin=J19-5 From Net=U19_P5
Remove Pin=J19-6 From Net=U19_P6
Remove Pin=J19-7 From Net=U19_P7
Remove Pin=J19-8 From Net=U19_P8
Remove Pin=J19-9 From Net=U19_P9
Remove Pin=J19-10 From Net=GND
Remove Pin=J19-11 From Net=CarrrierA
Remove Pin=J19-12 From Net=IN+
Remove Pin=J19-13 From Net=PE
Remove Pin=J19-14 From Net=GND
Remove Pin=J19-15 From Net=CarrrierB
Remove Pin=J20-1 From Net=U20_P1
Remove Pin=J20-2 From Net=U20_P2
Remove Pin=J20-3 From Net=U20_P3
Remove Pin=J20-4 From Net=U20_P4
Remove Pin=J20-5 From Net=U20_P5
Remove Pin=J20-6 From Net=U20_P6
Remove Pin=J20-7 From Net=U20_P7
Remove Pin=J20-8 From Net=U20_P8
Remove Pin=J20-9 From Net=U20_P9
Remove Pin=J20-10 From Net=GND
Remove Pin=J20-11 From Net=CarrrierA
Remove Pin=J20-12 From Net=IN+
Remove Pin=J20-13 From Net=PE
Remove Pin=J20-14 From Net=GND
Remove Pin=J20-15 From Net=CarrrierB
